2015/03/30 12:02:20 [error] [php] include(Controller.php): failed to open stream: No such file or directory (/data/www/Yii/framework/YiiBase.php:432)
Stack trace:
#0 /data/www/Yii/Byguitar/controllers/IndexController.php(4): spl_autoload_call()
#1 /data/www/Yii/framework/web/CWebApplication.php(354): require()
#2 /data/www/Yii/framework/web/CWebApplication.php(276): CWebApplication->createController()
#3 /data/www/Yii/framework/web/CWebApplication.php(141): CWebApplication->runController()
#4 /data/www/Yii/framework/base/CApplication.php(184): CWebApplication->processRequest()
#5 /data/www/Yii/Byguitar/index.php(15): CWebApplication->run()
REQUEST_URI=/
2015/03/30 12:02:20 [error] [exception.CHttpException.404] exception 'CHttpException' with message 'Unable to resolve the request "favicon.ico".' in /data/www/Yii/framework/web/CWebApplication.php:286
Stack trace:
#0 /data/www/Yii/framework/web/CWebApplication.php(141): CWebApplication->runController('favicon.ico')
#1 /data/www/Yii/framework/base/CApplication.php(184): CWebApplication->processRequest()
#2 /data/www/Yii/Byguitar/index.php(15): CApplication->run()
#3 {main}
REQUEST_URI=/favicon.ico
---
2015/03/30 12:02:27 [error] [php] include(Controller.php): failed to open stream: No such file or directory (/data/www/Yii/framework/YiiBase.php:432)
Stack trace:
#0 /data/www/Yii/Byguitar/controllers/IndexController.php(4): spl_autoload_call()
#1 /data/www/Yii/framework/web/CWebApplication.php(354): require()
#2 /data/www/Yii/framework/web/CWebApplication.php(276): CWebApplication->createController()
#3 /data/www/Yii/framework/web/CWebApplication.php(141): CWebApplication->runController()
#4 /data/www/Yii/framework/base/CApplication.php(184): CWebApplication->processRequest()
#5 /data/www/Yii/Byguitar/index.php(15): CWebApplication->run()
REQUEST_URI=/
2015/03/30 12:03:58 [error] [php] include(Controller.php): failed to open stream: No such file or directory (/data/www/Yii/framework/YiiBase.php:432)
Stack trace:
#0 /data/www/Yii/Byguitar/controllers/IndexController.php(4): spl_autoload_call()
#1 /data/www/Yii/framework/web/CWebApplication.php(354): require()
#2 /data/www/Yii/framework/web/CWebApplication.php(276): CWebApplication->createController()
#3 /data/www/Yii/framework/web/CWebApplication.php(141): CWebApplication->runController()
#4 /data/www/Yii/framework/base/CApplication.php(184): CWebApplication->processRequest()
#5 /data/www/Yii/Byguitar/index.php(17): CWebApplication->run()
REQUEST_URI=/
2015/03/30 12:04:38 [error] [php] include(Controller.php): failed to open stream: No such file or directory (/data/www/Yii/framework/YiiBase.php:432)
Stack trace:
#0 /data/www/Yii/Byguitar/controllers/IndexController.php(4): spl_autoload_call()
#1 /data/www/Yii/framework/web/CWebApplication.php(354): require()
#2 /data/www/Yii/framework/web/CWebApplication.php(276): CWebApplication->createController()
#3 /data/www/Yii/framework/web/CWebApplication.php(141): CWebApplication->runController()
#4 /data/www/Yii/framework/base/CApplication.php(184): CWebApplication->processRequest()
#5 /data/www/Yii/Byguitar/index.php(17): CWebApplication->run()
REQUEST_URI=/
2015/03/30 12:04:38 [error] [php] include(Controller.php): failed to open stream: No such file or directory (/data/www/Yii/framework/YiiBase.php:432)
Stack trace:
#0 /data/www/Yii/Byguitar/controllers/IndexController.php(4): spl_autoload_call()
#1 /data/www/Yii/framework/web/CWebApplication.php(354): require()
#2 /data/www/Yii/framework/web/CWebApplication.php(276): CWebApplication->createController()
#3 /data/www/Yii/framework/web/CWebApplication.php(141): CWebApplication->runController()
#4 /data/www/Yii/framework/base/CApplication.php(184): CWebApplication->processRequest()
#5 /data/www/Yii/Byguitar/index.php(17): CWebApplication->run()
REQUEST_URI=/
2015/03/30 12:04:38 [error] [php] include(Controller.php): failed to open stream: No such file or directory (/data/www/Yii/framework/YiiBase.php:432)
Stack trace:
#0 /data/www/Yii/Byguitar/controllers/IndexController.php(4): spl_autoload_call()
#1 /data/www/Yii/framework/web/CWebApplication.php(354): require()
#2 /data/www/Yii/framework/web/CWebApplication.php(276): CWebApplication->createController()
#3 /data/www/Yii/framework/web/CWebApplication.php(141): CWebApplication->runController()
#4 /data/www/Yii/framework/base/CApplication.php(184): CWebApplication->processRequest()
#5 /data/www/Yii/Byguitar/index.php(17): CWebApplication->run()
REQUEST_URI=/
2015/03/30 13:28:42 [error] [exception.CHttpException.404] exception 'CHttpException' with message 'Unable to resolve the request "css/print.css".' in /data/www/Yii/framework/web/CWebApplication.php:286
Stack trace:
#0 /data/www/Yii/framework/web/CWebApplication.php(141): CWebApplication->runController('css/print.css')
#1 /data/www/Yii/framework/base/CApplication.php(184): CWebApplication->processRequest()
#2 /data/www/Yii/Byguitar/index.php(18): CApplication->run()
#3 {main}
REQUEST_URI=/css/print.css
HTTP_REFERER=http://mwq.yii.com/
---
2015/03/30 13:28:42 [error] [exception.CHttpException.404] exception 'CHttpException' with message 'Unable to resolve the request "css/screen.css".' in /data/www/Yii/framework/web/CWebApplication.php:286
Stack trace:
#0 /data/www/Yii/framework/web/CWebApplication.php(141): CWebApplication->runController('css/screen.css')
#1 /data/www/Yii/framework/base/CApplication.php(184): CWebApplication->processRequest()
#2 /data/www/Yii/Byguitar/index.php(18): CApplication->run()
#3 {main}
REQUEST_URI=/css/screen.css
HTTP_REFERER=http://mwq.yii.com/
---
2015/03/30 13:28:43 [error] [exception.CHttpException.404] exception 'CHttpException' with message 'Unable to resolve the request "css/main.css".' in /data/www/Yii/framework/web/CWebApplication.php:286
Stack trace:
#0 /data/www/Yii/framework/web/CWebApplication.php(141): CWebApplication->runController('css/main.css')
#1 /data/www/Yii/framework/base/CApplication.php(184): CWebApplication->processRequest()
#2 /data/www/Yii/Byguitar/index.php(18): CApplication->run()
#3 {main}
REQUEST_URI=/css/main.css
HTTP_REFERER=http://mwq.yii.com/
---
2015/03/30 13:28:43 [error] [exception.CHttpException.404] exception 'CHttpException' with message 'Unable to resolve the request "css/form.css".' in /data/www/Yii/framework/web/CWebApplication.php:286
Stack trace:
#0 /data/www/Yii/framework/web/CWebApplication.php(141): CWebApplication->runController('css/form.css')
#1 /data/www/Yii/framework/base/CApplication.php(184): CWebApplication->processRequest()
#2 /data/www/Yii/Byguitar/index.php(18): CApplication->run()
#3 {main}
REQUEST_URI=/css/form.css
HTTP_REFERER=http://mwq.yii.com/
---
2015/03/30 14:09:40 [error] [exception.CHttpException.404] exception 'CHttpException' with message 'Unable to resolve the request "css/main.css".' in /data/www/Yii/framework/web/CWebApplication.php:286
Stack trace:
#0 /data/www/Yii/framework/web/CWebApplication.php(141): CWebApplication->runController('css/main.css')
#1 /data/www/Yii/framework/base/CApplication.php(184): CWebApplication->processRequest()
#2 /data/www/Yii/Byguitar/index.php(18): CApplication->run()
#3 {main}
REQUEST_URI=/css/main.css
HTTP_REFERER=http://mwq.yii.com/
---
2015/03/30 14:09:40 [error] [exception.CHttpException.404] exception 'CHttpException' with message 'Unable to resolve the request "css/form.css".' in /data/www/Yii/framework/web/CWebApplication.php:286
Stack trace:
#0 /data/www/Yii/framework/web/CWebApplication.php(141): CWebApplication->runController('css/form.css')
#1 /data/www/Yii/framework/base/CApplication.php(184): CWebApplication->processRequest()
#2 /data/www/Yii/Byguitar/index.php(18): CApplication->run()
#3 {main}
REQUEST_URI=/css/form.css
HTTP_REFERER=http://mwq.yii.com/
---
2015/03/30 14:09:40 [error] [exception.CHttpException.404] exception 'CHttpException' with message 'Unable to resolve the request "css/screen.css".' in /data/www/Yii/framework/web/CWebApplication.php:286
Stack trace:
#0 /data/www/Yii/framework/web/CWebApplication.php(141): CWebApplication->runController('css/screen.css')
#1 /data/www/Yii/framework/base/CApplication.php(184): CWebApplication->processRequest()
#2 /data/www/Yii/Byguitar/index.php(18): CApplication->run()
#3 {main}
REQUEST_URI=/css/screen.css
HTTP_REFERER=http://mwq.yii.com/
---
2015/03/30 14:09:40 [error] [exception.CHttpException.404] exception 'CHttpException' with message 'Unable to resolve the request "css/print.css".' in /data/www/Yii/framework/web/CWebApplication.php:286
Stack trace:
#0 /data/www/Yii/framework/web/CWebApplication.php(141): CWebApplication->runController('css/print.css')
#1 /data/www/Yii/framework/base/CApplication.php(184): CWebApplication->processRequest()
#2 /data/www/Yii/Byguitar/index.php(18): CApplication->run()
#3 {main}
REQUEST_URI=/css/print.css
HTTP_REFERER=http://mwq.yii.com/
---
2015/03/30 14:13:08 [error] [system.db.CDbCommand] CDbCommand::fetchAll() failed: SQLSTATE[42S02]: Base table or view not found: 1146 Table 'test.{{user}}' doesn't exist. The SQL statement executed was: SHOW FULL COLUMNS FROM `{{user}}`.
2015/03/30 14:13:08 [error] [exception.CDbException] exception 'CDbException' with message 'The table "{{user}}" for active record class "User" cannot be found in the database.' in /data/www/Yii/framework/db/ar/CActiveRecord.php:2385
Stack trace:
#0 /data/www/Yii/framework/db/ar/CActiveRecord.php(411): CActiveRecordMetaData->__construct(Object(User))
#1 /data/www/Yii/framework/db/ar/CActiveRecord.php(661): CActiveRecord->getMetaData()
#2 /data/www/Yii/framework/db/ar/CActiveRecord.php(1490): CActiveRecord->getTableSchema()
#3 /data/www/Yii/Byguitar/controllers/IndexController.php(12): CActiveRecord->findByPk('1')
#4 /data/www/Yii/framework/web/actions/CInlineAction.php(49): IndexController->actionTest()
#5 /data/www/Yii/framework/web/CController.php(308): CInlineAction->runWithParams(Array)
#6 /data/www/Yii/framework/web/CController.php(286): CController->runAction(Object(CInlineAction))
#7 /data/www/Yii/framework/web/CController.php(265): CController->runActionWithFilters(Object(CInlineAction), Array)
#8 /data/www/Yii/framework/web/CWebApplication.php(282): CController->run('test')
#9 /data/www/Yii/framework/web/CWebApplication.php(141): CWebApplication->runController('index/test')
#10 /data/www/Yii/framework/base/CApplication.php(184): CWebApplication->processRequest()
#11 /data/www/Yii/Byguitar/index.php(18): CApplication->run()
#12 {main}
REQUEST_URI=/index/test?id=1
---
2015/03/30 14:13:36 [error] [system.db.CDbCommand] CDbCommand::fetchAll() failed: SQLSTATE[42S02]: Base table or view not found: 1146 Table 'test.{{user}}' doesn't exist. The SQL statement executed was: SHOW FULL COLUMNS FROM `{{user}}`.
2015/03/30 14:13:36 [error] [exception.CDbException] exception 'CDbException' with message 'The table "{{user}}" for active record class "User" cannot be found in the database.' in /data/www/Yii/framework/db/ar/CActiveRecord.php:2385
Stack trace:
#0 /data/www/Yii/framework/db/ar/CActiveRecord.php(411): CActiveRecordMetaData->__construct(Object(User))
#1 /data/www/Yii/framework/db/ar/CActiveRecord.php(661): CActiveRecord->getMetaData()
#2 /data/www/Yii/framework/db/ar/CActiveRecord.php(1490): CActiveRecord->getTableSchema()
#3 /data/www/Yii/Byguitar/controllers/IndexController.php(13): CActiveRecord->findByPk(1)
#4 /data/www/Yii/framework/web/actions/CInlineAction.php(49): IndexController->actionTest()
#5 /data/www/Yii/framework/web/CController.php(308): CInlineAction->runWithParams(Array)
#6 /data/www/Yii/framework/web/CController.php(286): CController->runAction(Object(CInlineAction))
#7 /data/www/Yii/framework/web/CController.php(265): CController->runActionWithFilters(Object(CInlineAction), Array)
#8 /data/www/Yii/framework/web/CWebApplication.php(282): CController->run('test')
#9 /data/www/Yii/framework/web/CWebApplication.php(141): CWebApplication->runController('index/test')
#10 /data/www/Yii/framework/base/CApplication.php(184): CWebApplication->processRequest()
#11 /data/www/Yii/Byguitar/index.php(18): CApplication->run()
#12 {main}
REQUEST_URI=/index/test?id=1
---
2015/03/30 14:13:39 [error] [system.db.CDbCommand] CDbCommand::fetchAll() failed: SQLSTATE[42S02]: Base table or view not found: 1146 Table 'test.{{user}}' doesn't exist. The SQL statement executed was: SHOW FULL COLUMNS FROM `{{user}}`.
2015/03/30 14:13:39 [error] [exception.CDbException] exception 'CDbException' with message 'The table "{{user}}" for active record class "User" cannot be found in the database.' in /data/www/Yii/framework/db/ar/CActiveRecord.php:2385
Stack trace:
#0 /data/www/Yii/framework/db/ar/CActiveRecord.php(411): CActiveRecordMetaData->__construct(Object(User))
#1 /data/www/Yii/framework/db/ar/CActiveRecord.php(661): CActiveRecord->getMetaData()
#2 /data/www/Yii/framework/db/ar/CActiveRecord.php(1490): CActiveRecord->getTableSchema()
#3 /data/www/Yii/Byguitar/controllers/IndexController.php(13): CActiveRecord->findByPk(1)
#4 /data/www/Yii/framework/web/actions/CInlineAction.php(49): IndexController->actionTest()
#5 /data/www/Yii/framework/web/CController.php(308): CInlineAction->runWithParams(Array)
#6 /data/www/Yii/framework/web/CController.php(286): CController->runAction(Object(CInlineAction))
#7 /data/www/Yii/framework/web/CController.php(265): CController->runActionWithFilters(Object(CInlineAction), Array)
#8 /data/www/Yii/framework/web/CWebApplication.php(282): CController->run('test')
#9 /data/www/Yii/framework/web/CWebApplication.php(141): CWebApplication->runController('index/test')
#10 /data/www/Yii/framework/base/CApplication.php(184): CWebApplication->processRequest()
#11 /data/www/Yii/Byguitar/index.php(18): CApplication->run()
#12 {main}
REQUEST_URI=/index/test
---
2015/03/30 14:16:29 [error] [system.db.CDbCommand] CDbCommand::fetchAll() failed: SQLSTATE[42S02]: Base table or view not found: 1146 Table 'test.{{user}}' doesn't exist. The SQL statement executed was: SHOW FULL COLUMNS FROM `{{user}}`.
2015/03/30 14:16:29 [error] [exception.CDbException] exception 'CDbException' with message 'The table "{{user}}" for active record class "User" cannot be found in the database.' in /data/www/Yii/framework/db/ar/CActiveRecord.php:2385
Stack trace:
#0 /data/www/Yii/framework/db/ar/CActiveRecord.php(411): CActiveRecordMetaData->__construct(Object(User))
#1 /data/www/Yii/framework/db/ar/CActiveRecord.php(661): CActiveRecord->getMetaData()
#2 /data/www/Yii/framework/db/ar/CActiveRecord.php(1490): CActiveRecord->getTableSchema()
#3 /data/www/Yii/Byguitar/controllers/IndexController.php(13): CActiveRecord->findByPk(1)
#4 /data/www/Yii/framework/web/actions/CInlineAction.php(49): IndexController->actionTest()
#5 /data/www/Yii/framework/web/CController.php(308): CInlineAction->runWithParams(Array)
#6 /data/www/Yii/framework/web/CController.php(286): CController->runAction(Object(CInlineAction))
#7 /data/www/Yii/framework/web/CController.php(265): CController->runActionWithFilters(Object(CInlineAction), Array)
#8 /data/www/Yii/framework/web/CWebApplication.php(282): CController->run('test')
#9 /data/www/Yii/framework/web/CWebApplication.php(141): CWebApplication->runController('index/test')
#10 /data/www/Yii/framework/base/CApplication.php(184): CWebApplication->processRequest()
#11 /data/www/Yii/Byguitar/index.php(18): CApplication->run()
#12 {main}
REQUEST_URI=/index/test
---
2015/03/30 14:20:37 [error] [system.db.CDbCommand] CDbCommand::fetchAll() failed: SQLSTATE[42S02]: Base table or view not found: 1146 Table 'test.{user' doesn't exist. The SQL statement executed was: SHOW FULL COLUMNS FROM `{user`.
2015/03/30 14:20:37 [error] [exception.CDbException] exception 'CDbException' with message 'The table "{user" for active record class "User" cannot be found in the database.' in /data/www/Yii/framework/db/ar/CActiveRecord.php:2385
Stack trace:
#0 /data/www/Yii/framework/db/ar/CActiveRecord.php(411): CActiveRecordMetaData->__construct(Object(User))
#1 /data/www/Yii/framework/db/ar/CActiveRecord.php(661): CActiveRecord->getMetaData()
#2 /data/www/Yii/framework/db/ar/CActiveRecord.php(1490): CActiveRecord->getTableSchema()
#3 /data/www/Yii/Byguitar/controllers/IndexController.php(13): CActiveRecord->findByPk(1)
#4 /data/www/Yii/framework/web/actions/CInlineAction.php(49): IndexController->actionTest()
#5 /data/www/Yii/framework/web/CController.php(308): CInlineAction->runWithParams(Array)
#6 /data/www/Yii/framework/web/CController.php(286): CController->runAction(Object(CInlineAction))
#7 /data/www/Yii/framework/web/CController.php(265): CController->runActionWithFilters(Object(CInlineAction), Array)
#8 /data/www/Yii/framework/web/CWebApplication.php(282): CController->run('test')
#9 /data/www/Yii/framework/web/CWebApplication.php(141): CWebApplication->runController('index/test')
#10 /data/www/Yii/framework/base/CApplication.php(184): CWebApplication->processRequest()
#11 /data/www/Yii/Byguitar/index.php(18): CApplication->run()
#12 {main}
REQUEST_URI=/index/test
---
2015/03/30 14:21:55 [error] [system.db.CDbCommand] CDbCommand::fetchAll() failed: SQLSTATE[42S02]: Base table or view not found: 1146 Table 'test.{user' doesn't exist. The SQL statement executed was: SHOW FULL COLUMNS FROM `{user`.
2015/03/30 14:21:55 [error] [exception.CDbException] exception 'CDbException' with message 'The table "{user" for active record class "User" cannot be found in the database.' in /data/www/Yii/framework/db/ar/CActiveRecord.php:2385
Stack trace:
#0 /data/www/Yii/framework/db/ar/CActiveRecord.php(411): CActiveRecordMetaData->__construct(Object(User))
#1 /data/www/Yii/framework/db/ar/CActiveRecord.php(661): CActiveRecord->getMetaData()
#2 /data/www/Yii/framework/db/ar/CActiveRecord.php(1490): CActiveRecord->getTableSchema()
#3 /data/www/Yii/Byguitar/controllers/IndexController.php(13): CActiveRecord->findByPk(1)
#4 /data/www/Yii/framework/web/actions/CInlineAction.php(49): IndexController->actionTest()
#5 /data/www/Yii/framework/web/CController.php(308): CInlineAction->runWithParams(Array)
#6 /data/www/Yii/framework/web/CController.php(286): CController->runAction(Object(CInlineAction))
#7 /data/www/Yii/framework/web/CController.php(265): CController->runActionWithFilters(Object(CInlineAction), Array)
#8 /data/www/Yii/framework/web/CWebApplication.php(282): CController->run('test')
#9 /data/www/Yii/framework/web/CWebApplication.php(141): CWebApplication->runController('index/test')
#10 /data/www/Yii/framework/base/CApplication.php(184): CWebApplication->processRequest()
#11 /data/www/Yii/Byguitar/index.php(18): CApplication->run()
#12 {main}
REQUEST_URI=/index/test
---
