server {
    listen       80;
    server_name  v.yii.com yii.com *.yii.com;
    root /www/Yii/Byguitar;
    #charset koi8-r;
    #access_log  /var/log/nginx/log/host.access.log  main;
    
    #location ~ .*\.(gif|jpg|png|htm|html|css|js|flv|ico|swf)(.*) {
    #    access_log off;
    #    if (-f $request_filename) {
    #        expires 90d;
    #        break;
    #    } 
    #}
    
    location / {
        root   /www/Yii/Byguitar;
        index  index.php index.html index.htm;
        #if (!-e $request_filename){
        #     rewrite ^/(.*) /index.php last;
        #}
        try_files $uri $uri/ /index.php?$args;
    }

    #error_page  404              /404.html;

    # redirect server error pages to the static page /50x.html
    #
    error_page   500 502 503 504  /50x.html;
    location = /50x.html {
        root   /usr/share/nginx/html;
    }

    # proxy the PHP scripts to Apache listening on 127.0.0.1:80
    #
    #location ~ \.php$ {
    #    proxy_pass   http://127.0.0.1;
    #}

    # pass the PHP scripts to FastCGI server listening on 127.0.0.1:9000
    #
    location ~ \.php$ {
        root           /www/Yii/Byguitar;
        fastcgi_pass   127.0.0.1:9000;
        fastcgi_index  index.php;
        fastcgi_param  SCRIPT_FILENAME  /www/Yii/Byguitar$fastcgi_script_name;
        include        fastcgi_params;
    }
    
    location ~* \.(js|css|png|jpg|jpeg|gif|ico)$ {
         expires max;
         log_not_found off;
    }

    # deny access to .htaccess files, if Apache's document root
    # concurs with nginx's one
    #
    #location ~ /\.ht {
    #    deny  all;
    #}
}